\BOOKMARK [1][-]{section.0.1}{Rollen}{}% 1
\BOOKMARK [2][-]{subsection.0.1.1}{Wetten, dass...?!}{section.0.1}% 2
\BOOKMARK [2][-]{subsection.0.1.2}{Die Guten}{section.0.1}% 3
\BOOKMARK [2][-]{subsection.0.1.3}{Die B\366sen}{section.0.1}% 4
\BOOKMARK [2][-]{subsection.0.1.4}{Die Manager}{section.0.1}% 5
\BOOKMARK [1][-]{section*.2}{Szene I Wetten, dass...?!}{}% 6
\BOOKMARK [1][-]{section*.3}{Szene II Der N\344chste, bitte\203}{}% 7
\BOOKMARK [1][-]{section*.4}{Szene III Was ist hier eigentlich los?}{}% 8
\BOOKMARK [1][-]{section.3.1}{Der Neue}{}% 9
\BOOKMARK [1][-]{section*.5}{Szene IV Pilze sammeln mit ungeahnten Folgen}{}% 10
\BOOKMARK [1][-]{section*.6}{Szene V Ein Gefangener}{}% 11
\BOOKMARK [1][-]{section*.7}{Szene VI Im Schloss der Roten K\366nigin}{}% 12
\BOOKMARK [1][-]{section*.8}{Szene VII Der gro\337e Plan}{}% 13
\BOOKMARK [1][-]{section*.9}{Szene VIII Vor der Schokoladenfabrik}{}% 14
\BOOKMARK [1][-]{section.8.1}{Der \334berfall}{}% 15
\BOOKMARK [1][-]{section*.10}{Szene IX \334berraschende Rettung \(durch Riesenadler?\)}{}% 16
\BOOKMARK [1][-]{section*.11}{Szene X Eine gegl\374ckte Mission}{}% 17
\BOOKMARK [1][-]{section.10.1}{Das Gegengift}{}% 18
\BOOKMARK [1][-]{section*.12}{Szene XI Schrecklich gute Neuigkeiten}{}% 19
\BOOKMARK [1][-]{section*.13}{Szene XII HARIBO\251"472 Goldb\344renTM \251"472}{}% 20
\BOOKMARK [1][-]{section*.14}{Szene XIII Elronds Rat}{}% 21
\BOOKMARK [1][-]{section*.15}{Szene XIV Und wenn sie nicht gestorben sind\203}{}% 22
